[0.016s] Invoking command in '/home/evinpi5/ros2_ws/build/ydlidar_ros2_driver': CMAKE_PREFIX_PATH=${CMAKE_PREFIX_PATH}:/opt/ros/jazzy DEBUGINFOD_URLS=https://debuginfod.ubuntu.com /usr/bin/cmake --build /home/evinpi5/ros2_ws/build/ydlidar_ros2_driver -- -j4 -l4
[0.111s] [100%] Built target ydlidar_ros2_driver_client
[0.111s] [100%] Built target ydlidar_ros2_driver_node
[0.130s] Invoked command in '/home/evinpi5/ros2_ws/build/ydlidar_ros2_driver' returned '0': CMAKE_PREFIX_PATH=${CMAKE_PREFIX_PATH}:/opt/ros/jazzy DEBUGINFOD_URLS=https://debuginfod.ubuntu.com /usr/bin/cmake --build /home/evinpi5/ros2_ws/build/ydlidar_ros2_driver -- -j4 -l4
[0.148s] Invoking command in '/home/evinpi5/ros2_ws/build/ydlidar_ros2_driver': CMAKE_PREFIX_PATH=${CMAKE_PREFIX_PATH}:/opt/ros/jazzy DEBUGINFOD_URLS=https://debuginfod.ubuntu.com /usr/bin/cmake --install /home/evinpi5/ros2_ws/build/ydlidar_ros2_driver
[0.161s] -- Install configuration: ""
[0.161s] -- Up-to-date: /home/evinpi5/ros2_ws/install/ydlidar_ros2_driver/lib/ydlidar_ros2_driver/ydlidar_ros2_driver_node
[0.162s] -- Up-to-date: /home/evinpi5/ros2_ws/install/ydlidar_ros2_driver/lib/ydlidar_ros2_driver/ydlidar_ros2_driver_client
[0.162s] -- Up-to-date: /home/evinpi5/ros2_ws/install/ydlidar_ros2_driver/share/ydlidar_ros2_driver/launch
[0.163s] -- Up-to-date: /home/evinpi5/ros2_ws/install/ydlidar_ros2_driver/share/ydlidar_ros2_driver/launch/ydlidar_launch_view.py
[0.163s] -- Up-to-date: /home/evinpi5/ros2_ws/install/ydlidar_ros2_driver/share/ydlidar_ros2_driver/launch/ydlidar_launch.py
[0.163s] -- Up-to-date: /home/evinpi5/ros2_ws/install/ydlidar_ros2_driver/share/ydlidar_ros2_driver/launch/ydlidar.py
[0.163s] -- Up-to-date: /home/evinpi5/ros2_ws/install/ydlidar_ros2_driver/share/ydlidar_ros2_driver/params
[0.163s] -- Up-to-date: /home/evinpi5/ros2_ws/install/ydlidar_ros2_driver/share/ydlidar_ros2_driver/params/Tmini.yaml
[0.163s] -- Up-to-date: /home/evinpi5/ros2_ws/install/ydlidar_ros2_driver/share/ydlidar_ros2_driver/params/TEA.yaml
[0.163s] -- Up-to-date: /home/evinpi5/ros2_ws/install/ydlidar_ros2_driver/share/ydlidar_ros2_driver/params/ydlidar.yaml
[0.163s] -- Up-to-date: /home/evinpi5/ros2_ws/install/ydlidar_ros2_driver/share/ydlidar_ros2_driver/params/G6.yaml
[0.163s] -- Up-to-date: /home/evinpi5/ros2_ws/install/ydlidar_ros2_driver/share/ydlidar_ros2_driver/params/G2.yaml
[0.163s] -- Up-to-date: /home/evinpi5/ros2_ws/install/ydlidar_ros2_driver/share/ydlidar_ros2_driver/params/Tmini-Plus-SH.yaml
[0.164s] -- Up-to-date: /home/evinpi5/ros2_ws/install/ydlidar_ros2_driver/share/ydlidar_ros2_driver/params/X4.yaml
[0.164s] -- Up-to-date: /home/evinpi5/ros2_ws/install/ydlidar_ros2_driver/share/ydlidar_ros2_driver/params/X4-Pro.yaml
[0.164s] -- Up-to-date: /home/evinpi5/ros2_ws/install/ydlidar_ros2_driver/share/ydlidar_ros2_driver/params/G1.yaml
[0.164s] -- Up-to-date: /home/evinpi5/ros2_ws/install/ydlidar_ros2_driver/share/ydlidar_ros2_driver/params/sdm15.yaml
[0.164s] -- Up-to-date: /home/evinpi5/ros2_ws/install/ydlidar_ros2_driver/share/ydlidar_ros2_driver/params/X3.yaml
[0.164s] -- Up-to-date: /home/evinpi5/ros2_ws/install/ydlidar_ros2_driver/share/ydlidar_ros2_driver/params/TG.yaml
[0.164s] -- Installing: /home/evinpi5/ros2_ws/install/ydlidar_ros2_driver/share/ydlidar_ros2_driver/params/X2.yaml
[0.164s] -- Up-to-date: /home/evinpi5/ros2_ws/install/ydlidar_ros2_driver/share/ydlidar_ros2_driver/params/GS5.yaml
[0.164s] -- Up-to-date: /home/evinpi5/ros2_ws/install/ydlidar_ros2_driver/share/ydlidar_ros2_driver/params/GS2.yaml
[0.165s] -- Up-to-date: /home/evinpi5/ros2_ws/install/ydlidar_ros2_driver/share/ydlidar_ros2_driver/params/G4.yaml
[0.165s] -- Up-to-date: /home/evinpi5/ros2_ws/install/ydlidar_ros2_driver/share/ydlidar_ros2_driver/startup
[0.165s] -- Up-to-date: /home/evinpi5/ros2_ws/install/ydlidar_ros2_driver/share/ydlidar_ros2_driver/startup/initenv.sh
[0.165s] -- Up-to-date: /home/evinpi5/ros2_ws/install/ydlidar_ros2_driver/share/ydlidar_ros2_driver/config
[0.165s] -- Up-to-date: /home/evinpi5/ros2_ws/install/ydlidar_ros2_driver/share/ydlidar_ros2_driver/config/ydlidar.yaml
[0.165s] -- Up-to-date: /home/evinpi5/ros2_ws/install/ydlidar_ros2_driver/share/ydlidar_ros2_driver/config/ydlidar.rviz
[0.165s] -- Up-to-date: /home/evinpi5/ros2_ws/install/ydlidar_ros2_driver/share/ament_index/resource_index/package_run_dependencies/ydlidar_ros2_driver
[0.165s] -- Up-to-date: /home/evinpi5/ros2_ws/install/ydlidar_ros2_driver/share/ament_index/resource_index/parent_prefix_path/ydlidar_ros2_driver
[0.165s] -- Up-to-date: /home/evinpi5/ros2_ws/install/ydlidar_ros2_driver/share/ydlidar_ros2_driver/environment/ament_prefix_path.sh
[0.165s] -- Up-to-date: /home/evinpi5/ros2_ws/install/ydlidar_ros2_driver/share/ydlidar_ros2_driver/environment/ament_prefix_path.dsv
[0.165s] -- Up-to-date: /home/evinpi5/ros2_ws/install/ydlidar_ros2_driver/share/ydlidar_ros2_driver/environment/path.sh
[0.166s] -- Up-to-date: /home/evinpi5/ros2_ws/install/ydlidar_ros2_driver/share/ydlidar_ros2_driver/environment/path.dsv
[0.166s] -- Up-to-date: /home/evinpi5/ros2_ws/install/ydlidar_ros2_driver/share/ydlidar_ros2_driver/local_setup.bash
[0.166s] -- Up-to-date: /home/evinpi5/ros2_ws/install/ydlidar_ros2_driver/share/ydlidar_ros2_driver/local_setup.sh
[0.166s] -- Up-to-date: /home/evinpi5/ros2_ws/install/ydlidar_ros2_driver/share/ydlidar_ros2_driver/local_setup.zsh
[0.166s] -- Up-to-date: /home/evinpi5/ros2_ws/install/ydlidar_ros2_driver/share/ydlidar_ros2_driver/local_setup.dsv
[0.166s] -- Installing: /home/evinpi5/ros2_ws/install/ydlidar_ros2_driver/share/ydlidar_ros2_driver/package.dsv
[0.166s] -- Up-to-date: /home/evinpi5/ros2_ws/install/ydlidar_ros2_driver/share/ament_index/resource_index/packages/ydlidar_ros2_driver
[0.166s] -- Up-to-date: /home/evinpi5/ros2_ws/install/ydlidar_ros2_driver/share/ydlidar_ros2_driver/cmake/ydlidar_ros2_driverConfig.cmake
[0.166s] -- Up-to-date: /home/evinpi5/ros2_ws/install/ydlidar_ros2_driver/share/ydlidar_ros2_driver/cmake/ydlidar_ros2_driverConfig-version.cmake
[0.167s] -- Up-to-date: /home/evinpi5/ros2_ws/install/ydlidar_ros2_driver/share/ydlidar_ros2_driver/package.xml
[0.168s] Invoked command in '/home/evinpi5/ros2_ws/build/ydlidar_ros2_driver' returned '0': CMAKE_PREFIX_PATH=${CMAKE_PREFIX_PATH}:/opt/ros/jazzy DEBUGINFOD_URLS=https://debuginfod.ubuntu.com /usr/bin/cmake --install /home/evinpi5/ros2_ws/build/ydlidar_ros2_driver
